{"numTotalTestSuites":1,"numPassedTestSuites":0,"numFailedTestSuites":1,"numPendingTestSuites":0,"numTotalTests":2,"numPassedTests":1,"numFailedTests":1,"numPendingTests":0,"numTodoTests":0,"snapshot":{"added":0,"failure":false,"filesAdded":0,"filesRemoved":0,"filesRemovedList":[],"filesUnmatched":0,"filesUpdated":0,"matched":0,"total":0,"unchecked":0,"uncheckedKeysByFile":[],"unmatched":0,"updated":0,"didUpdate":false},"startTime":0,"success":false,"testResults":[{"assertionResults":[{"ancestorTitles":[],"fullName":"native pass","status":"passed","title":"native pass","duration":0,"failureMessages":[],"meta":{},"tags":[]},{"ancestorTitles":[],"fullName":"native fail","status":"failed","title":"native fail","duration":0,"failureMessages":["sanitized"],"meta":{},"tags":[]}],"startTime":0,"endTime":0,"status":"failed","message":"","name":"native/vitest.fixture.test.mjs"}]}
